[2026-06-28T17:21:43.052Z] [error] The Content Security Policy directive 'upgrade-insecure-requests' is ignored when delivered in a report-only policy.
[2026-06-28T17:21:43.218Z] [info] Loading the script 'https://s2.go-mpulse.net/boomerang/KLKZ9-2CBWL-S4UC6-U57EH-L3F86' violates the following Content Security Policy directive: "script-src 'self' 'unsafe-inline' https://cdn.cookielaw.org https://cdn.branch.io https://app.link https://static.hotjar.com https://cdn.parsely.com https://cdn.segment.com https://static.chasecdn.com https://accounts.google.com https://cdn.apple-mapkit.com https://res.cloudinary.com https://www.googletagmanager.com https://tag.wknd.ai https://assets.bounceexchange.com https://api.bounceexchange.com". Note that 'script-src-elem' was not explicitly set, so 'script-src' is used as a fallback. The policy is report-only, so the violation has been logged but no further action has been taken.
[2026-06-28T17:21:43.264Z] [error] The Content Security Policy directive 'upgrade-insecure-requests' is ignored when delivered in a report-only policy.
[2026-06-28T17:21:43.265Z] [error] The Content Security Policy directive 'upgrade-insecure-requests' is ignored when delivered in a report-only policy.
[2026-06-28T17:21:43.275Z] [error] The Content Security Policy directive 'upgrade-insecure-requests' is ignored when delivered in a report-only policy.
[2026-06-28T17:21:43.275Z] [error] The Content Security Policy directive 'upgrade-insecure-requests' is ignored when delivered in a report-only policy.
[2026-06-28T17:21:43.277Z] [info] Loading the script 'https://p11.techlab-cdn.com/e/65319_1825172515.js' violates the following Content Security Policy directive: "script-src 'self' 'unsafe-inline' https://cdn.cookielaw.org https://cdn.branch.io https://app.link https://static.hotjar.com https://cdn.parsely.com https://cdn.segment.com https://static.chasecdn.com https://accounts.google.com https://cdn.apple-mapkit.com https://res.cloudinary.com https://www.googletagmanager.com https://tag.wknd.ai https://assets.bounceexchange.com https://api.bounceexchange.com". Note that 'script-src-elem' was not explicitly set, so 'script-src' is used as a fallback. The policy is report-only, so the violation has been logged but no further action has been taken.
[2026-06-28T17:21:43.277Z] [info] Loading the script 'https://p11.techlab-cdn.com/e/65257_1825202430.js' violates the following Content Security Policy directive: "script-src 'self' 'unsafe-inline' https://cdn.cookielaw.org https://cdn.branch.io https://app.link https://static.hotjar.com https://cdn.parsely.com https://cdn.segment.com https://static.chasecdn.com https://accounts.google.com https://cdn.apple-mapkit.com https://res.cloudinary.com https://www.googletagmanager.com https://tag.wknd.ai https://assets.bounceexchange.com https://api.bounceexchange.com". Note that 'script-src-elem' was not explicitly set, so 'script-src' is used as a fallback. The policy is report-only, so the violation has been logged but no further action has been taken.
[2026-06-28T17:21:43.277Z] [info] Loading the script 'https://p11.techlab-cdn.com/e/64885_1825202492.js' violates the following Content Security Policy directive: "script-src 'self' 'unsafe-inline' https://cdn.cookielaw.org https://cdn.branch.io https://app.link https://static.hotjar.com https://cdn.parsely.com https://cdn.segment.com https://static.chasecdn.com https://accounts.google.com https://cdn.apple-mapkit.com https://res.cloudinary.com https://www.googletagmanager.com https://tag.wknd.ai https://assets.bounceexchange.com https://api.bounceexchange.com". Note that 'script-src-elem' was not explicitly set, so 'script-src' is used as a fallback. The policy is report-only, so the violation has been logged but no further action has been taken.
[2026-06-28T17:21:43.277Z] [info] Loading the script 'https://p11.techlab-cdn.com/e/65226_747628124.js' violates the following Content Security Policy directive: "script-src 'self' 'unsafe-inline' https://cdn.cookielaw.org https://cdn.branch.io https://app.link https://static.hotjar.com https://cdn.parsely.com https://cdn.segment.com https://static.chasecdn.com https://accounts.google.com https://cdn.apple-mapkit.com https://res.cloudinary.com https://www.googletagmanager.com https://tag.wknd.ai https://assets.bounceexchange.com https://api.bounceexchange.com". Note that 'script-src-elem' was not explicitly set, so 'script-src' is used as a fallback. The policy is report-only, so the violation has been logged but no further action has been taken.
[2026-06-28T17:21:43.421Z] [info] Loading the script 'https://s2.go-mpulse.net/boomerang/KLKZ9-2CBWL-S4UC6-U57EH-L3F86' violates the following Content Security Policy directive: "script-src 'self' 'unsafe-inline' https://cdn.cookielaw.org https://cdn.branch.io https://app.link https://static.hotjar.com https://cdn.parsely.com https://cdn.segment.com https://static.chasecdn.com https://accounts.google.com https://cdn.apple-mapkit.com https://res.cloudinary.com https://www.googletagmanager.com https://tag.wknd.ai https://assets.bounceexchange.com https://api.bounceexchange.com". Note that 'script-src-elem' was not explicitly set, so 'script-src' is used as a fallback. The policy is report-only, so the violation has been logged but no further action has been taken.
[2026-06-28T17:21:43.426Z] [info] Connecting to 'https://c.go-mpulse.net/api/config.json?key=KLKZ9-2CBWL-S4UC6-U57EH-L3F86&d=www.theinfatuation.com&t=5942224&v=1.720.0&sl=0&si=2cff0336-0e1d-42da-9c80-7e9dcad81cf7-thcqw6&plugins=AK,ConfigOverride,Continuity,PageParams,IFrameDelay,AutoXHR,SPA,History,Angular,Backbone,Ember,RT,CrossDomain,BW,PaintTiming,NavigationTiming,ResourceTiming,Memory,CACHE_RELOAD,Errors,TPAnalytics,UserTiming,Akamai,Early,EventTiming,LOGN&acao=&ak.ai=1098941' violates the following Content Security Policy directive: "connect-src 'self' https://*.jpmchase.net https://static.chasecdn.com https://*.branch.io https://*.hotjar.com https://*.hotjar.io https://*.parsely.com https://cdn.segment.com https://api.segment.io https://*.cookielaw.org https://accounts.google.com https://*.bugsnag.com https://*.braze.com https://*.split.io https://*.contentful.com https://*.ctfassets.net https://res.cloudinary.com https://*.bounceexchange.com https://events.bouncex.net https://*.cdnwidget.com https://*.cdnbasket.net https://pippio.com https://*.wknd.ai https://*.google-analytics.com https://*.googletagmanager.com https://*.apple-mapkit.com https://*.theinfatuation.com". The policy is report-only, so the violation has been logged but no further action has been taken.
[2026-06-28T17:21:43.780Z] [info] Evaluating a string as JavaScript violates the following Content Security Policy directive because 'unsafe-eval' is not an allowed source of script: "script-src 'self' 'unsafe-inline' https://cdn.cookielaw.org https://cdn.branch.io https://app.link https://static.hotjar.com https://cdn.parsely.com https://cdn.segment.com https://static.chasecdn.com https://accounts.google.com https://cdn.apple-mapkit.com https://res.cloudinary.com https://www.googletagmanager.com https://tag.wknd.ai https://assets.bounceexchange.com https://api.bounceexchange.com".
 The policy is report-only, so the violation has been logged but no further action has been taken.
[2026-06-28T17:21:43.804Z] [debug] [bugsnag] Loaded!
[2026-06-28T17:21:44.036Z] [error] The Content Security Policy directive 'upgrade-insecure-requests' is ignored when delivered in a report-only policy.
[2026-06-28T17:21:44.036Z] [error] The Content Security Policy directive 'upgrade-insecure-requests' is ignored when delivered in a report-only policy.
[2026-06-28T17:21:44.036Z] [error] The Content Security Policy directive 'upgrade-insecure-requests' is ignored when delivered in a report-only policy.
[2026-06-28T17:21:44.036Z] [error] The Content Security Policy directive 'upgrade-insecure-requests' is ignored when delivered in a report-only policy.
[2026-06-28T17:21:44.726Z] [warning] Hotjar not launching due to suspicious userAgent: Mozilla/5.0 (Macintosh; Intel Mac OS X 10_15_7) AppleWebKit/537.36 (KHTML, like Gecko) HeadlessChrome/145.0.7632.6 Safari/537.36
[2026-06-28T17:21:48.529Z] [warning] Deprecation warning: use moment.updateLocale(localeName, config) to change an existing locale. moment.defineLocale(localeName, config) should only be used for creating a new locale See http://momentjs.com/guides/#/warnings/define-locale/ for more info.
[2026-06-28T17:21:50.711Z] [warning] [GPT] PubAdsService.setForceSafeFrame is deprecated, use googletag.setConfig({safeFrame: ...}) instead.
https://goo.gle/gpt-message#170
[2026-06-28T17:21:50.716Z] [warning] [GPT] Slot.setTargeting is deprecated, use Slot.setConfig({targeting: ...}) instead.
https://goo.gle/gpt-message#171
[2026-06-28T17:21:51.628Z] [log] DEBUG - (ATS-ENVELOPE-MODULE) ats-set-additional-data event set up.
[2026-06-28T17:21:51.628Z] [log] DEBUG - (ATS-ENVELOPE-MODULE) There is no google_ssp envelope in storage.
[2026-06-28T17:21:51.629Z] [log] DEBUG - (ATS-ENVELOPE-MODULE) There is no liveramp envelope in storage.
[2026-06-28T17:21:51.653Z] [info] INFO - (ATS-ENVELOPE-MODULE) (Geo location) consent check not passed
[2026-06-28T17:21:51.653Z] [info] INFO - (ATS-ENVELOPE-MODULE) (Geo location) persisted cached location data
[2026-06-28T17:21:51.653Z] [log] DEBUG - (ATS-ENVELOPE-MODULE) Consent is given, module will start!
[2026-06-28T17:21:51.653Z] [info] INFO - (ATS-ENVELOPE-MODULE) (Geo location) persisted cached location data
[2026-06-28T17:21:51.653Z] [log] DEBUG - (ATS-ENVELOPE-MODULE) LIVERAMP envelope not found in storage! New envelope will be acquired.
[2026-06-28T17:21:51.653Z] [info] INFO - (ATS-ENVELOPE-MODULE) Catching identifier configured.
[2026-06-28T17:21:51.653Z] [info] INFO - (ATS-ENVELOPE-MODULE) Envelope-module is configured.
[2026-06-28T17:21:51.723Z] [log] trackPageView success
[2026-06-28T17:21:51.974Z] [info] INFO - (ATS-DETECTION-MODULE) (Geo location) persisted cached location data
[2026-06-28T17:21:51.974Z] [log] DEBUG - (ATS-DETECTION-MODULE) Consent is given, module will start!
[2026-06-28T17:21:51.974Z] [info] INFO - (ATS-DETECTION-MODULE) (Geo location) persisted cached location data
[2026-06-28T17:21:52.177Z] [log] DEBUG - (ATS-DETECTION-MODULE) Started urlAndScrape detection!
[2026-06-28T17:21:52.177Z] [log] DEBUG - (ATS-DETECTION-MODULE) There is no such url parameter. 
 Tried to fetch: email
[2026-06-28T17:21:52.177Z] [log] DEBUG - (ATS-DETECTION-MODULE) There is no such url parameter. 
 Tried to fetch: hashedPid
[2026-06-28T17:21:52.179Z] [info] INFO - (ATS-DETECTION-MODULE) Detection started! Library is configured to detect:  [email, pidHashes]
[2026-06-28T17:21:52.179Z] [info] INFO - (ATS-DETECTION-MODULE) Detection event type is  onsubmit
[2026-06-28T17:21:52.271Z] [log] DEBUG - (ATS-DETECTION-MODULE) Detected dynamically added nodes.
[2026-06-28T17:21:52.655Z] [info] INFO - (ATS-ENVELOPE-MODULE) We have dispatched envelopeModuleReady event again!
[2026-06-28T17:21:52.655Z] [info] INFO - (ATS-ENVELOPE-MODULE) How many times we have dispatched event envelopeModuleReady:  2
[2026-06-28T17:21:52.929Z] [log] DEBUG - (ATS-DETECTION-MODULE) Detected dynamically added nodes.
[2026-06-28T17:21:52.930Z] [log] DEBUG - (ATS-DETECTION-MODULE) Detected dynamically added nodes.
[2026-06-28T17:21:53.283Z] [error] Failed to load resource: the server responded with a status of 503 ()
[2026-06-28T17:21:53.611Z] [log] DEBUG - (ATS-DETECTION-MODULE) Detected dynamically added nodes.
[2026-06-28T17:21:53.611Z] [warning] This ad's html cannot be accessed using the getHtml method on googletag.Slot. Returning the empty string instead.
[2026-06-28T17:21:53.615Z] [log] DEBUG - (ATS-DETECTION-MODULE) Detected dynamically added nodes.
[2026-06-28T17:21:53.655Z] [info] INFO - (ATS-ENVELOPE-MODULE) We have dispatched envelopeModuleReady event again!
[2026-06-28T17:21:53.655Z] [info] INFO - (ATS-ENVELOPE-MODULE) How many times we have dispatched event envelopeModuleReady:  3
[2026-06-28T17:21:53.866Z] [info] Powered by AMP ⚡ HTML – Version 2605071401000 https://www.eater.com/
[2026-06-28T17:21:54.061Z] [warning] [amp-analytics/transport] Response unparseable or failed to send image request https://securepubads.g.doubleclick.net/btr/view?ai=CamjuMVhBat33BfiSk7QPgZnD-Aq7iNuthwGi64nWwhWMut_MjioQASD6qYoXYKWAgICQAaAB6YiGxAPIAQmpAuYeBHjjI6c-4AIAqAMByAMKqgTAAk_QFyHKbIkT7t33o9FWaq8xIoqd6QScZRXX4a-yiiounCXswOWZBtaQeJLDcHCIr7I0Z4Lf9FYTrK77rBbX_goRekF7MmxIn17o95jugjTAfrNfzQdCsj_d0zsMpYueIwOwNKma_EnaFyxlmjf0HzX6gx6pmk2jR_fuThWFB_U7nmhHlEy6HJ62JpkExr-32jlaJ7V0B_C6tRXYTFqqY0zfSiyFr776e4d02Nbuub0MkPxwJXHUh8JgPNSw0vDNK2Tq50bEZLVSN5uYqoojWaXT71DLDnIEnxtu7PVCAICvDhVoPTGR86LdzOsEKEOkRku-NICJ7_rnwlEXc9LCd512g6rcHV4e49apNHtemJIFnthPTn0QuhyVQ1te1_xum6tSSYahtJ7h6oR-uuwt9j3-bPndocNaQFxMwLKG11ILwAS5vJyctAXgBAGIBciHp8JWkgUECAQYAZIFBAgFGASgBi6AB82poyGoB-LYsQKoB6a-G6gHzM6xAqgH89EbqAeW2BuoB6qbsQKoB_7osQKoB47OG6gHk9gbqAfw4BuoB-6WsQKoB_6esQKoB6--sQKoB9XJG6gH98KxAtgHAPIHBBDU6C3SCDMIgGEQARidATIIioKAgICAgAg6D4BAgMCAgICAqIACqIOAEEi9_cE6WKqEy5-5qpUDYAGACgPICwGiDDQqCgoIjt-xApXisQJiEQoPY29tLnJlZ3VzLlJlZ3VzagsKCWNvbS5yZWd1c3gBiAEBkAEBqg0CQVXiDRMIqrLLn7mqlQMVeMmEAB2BzBCv6g0TCImizJ-5qpUDFXjJhAAdgcwQr4gO____________AbAOwu781xi4E-QD2BMM0BUBmBYByhYCCgD4FgGAFwGyFy4KHAgAEhRwdWItMjU5MTQ2OTgwNDA3MDc4NRiIwBUYASoKOTMzMjc5MjkwNlAGuhcCOAGqGBcJAAAAAKjoJkESCjkzMzI3OTI5MDYYAbIYCRICvFAYLiIBANAYAegYAcIZAggB&sigh=REUy0pq_vzE&uach_m=%5B%5D&cid=CAQS9AEAEQoqgd3W9f8n8GWEXu-6mPBIBxb1kn1UubU_XvWFbcJhhmbCnlApdTGn_gvP6ltFn6JvW9NkktzNIfC-bnxuthQhvuBkMhiabvhxc0doGclFI_3GGpLbkpP5bVZ23LDWpYev_14qcoaByCXSc6ClOWGRvIjae_ZtVU7h_nYu26ttdnAWmFGgAhEgNTRp_iOAjBHYe_-lnpobkPzc_UK9HunK_3mWlFkoUSr7dvJHb-z4_P3Pdhcpg9mxe1gfRtWjN9B6sM74Ii9q7lTPmqYgGMxPK-5Wa5EVamQazg7gogL4LX9-SXeDaaDztTMPuAaDQh9OGAE&template_id=484&ibtr=1
[2026-06-28T17:21:54.395Z] [log] DEBUG - (ATS-DETECTION-MODULE) Detected dynamically added nodes.
[2026-06-28T17:21:54.399Z] [log] DEBUG - (ATS-DETECTION-MODULE) Detected dynamically added nodes.
[2026-06-28T17:21:54.401Z] [log] DEBUG - (ATS-DETECTION-MODULE) Detected dynamically added nodes.
[2026-06-28T17:21:54.401Z] [log] DEBUG - (ATS-DETECTION-MODULE) Detected dynamically added nodes.
[2026-06-28T17:21:54.401Z] [log] DEBUG - (ATS-DETECTION-MODULE) Detected dynamically added nodes.
[2026-06-28T17:21:54.402Z] [log] DEBUG - (ATS-DETECTION-MODULE) Detected dynamically added nodes.
[2026-06-28T17:21:54.403Z] [log] DEBUG - (ATS-DETECTION-MODULE) Detected dynamically added nodes.
[2026-06-28T17:21:55.083Z] [error] Failed to load resource: the server responded with a status of 400 ()
[2026-06-28T17:21:57.645Z] [error] Failed to load resource: net::ERR_CONNECTION_RESET
[2026-06-28T17:22:00.920Z] [log] DEBUG - (ATS-DETECTION-MODULE) Detected dynamically added nodes.
[2026-06-28T17:22:01.221Z] [log] DEBUG - (ATS-DETECTION-MODULE) Detected dynamically added nodes.
[2026-06-28T17:22:01.222Z] [log] DEBUG - (ATS-DETECTION-MODULE) Detected dynamically added nodes.
[2026-06-28T17:22:01.932Z] [log] DEBUG - (ATS-DETECTION-MODULE) Detected dynamically added nodes.
[2026-06-28T17:22:09.955Z] [warning] The resource https://securepubads.g.doubleclick.net/tag/js/gpt.js was preloaded using link preload but not used within a few seconds from the window's load event. Please make sure it has an appropriate `as` value and it is preloaded intentionally.
[2026-06-28T17:22:14.985Z] [warning] The resource https://securepubads.g.doubleclick.net/tag/js/gpt.js was preloaded using link preload but not used within a few seconds from the window's load event. Please make sure it has an appropriate `as` value and it is preloaded intentionally.
[2026-06-28T17:23:42.834Z] [warning] The resource https://securepubads.g.doubleclick.net/tag/js/gpt.js was preloaded using link preload but not used within a few seconds from the window's load event. Please make sure it has an appropriate `as` value and it is preloaded intentionally.
[2026-06-28T17:24:24.520Z] [warning] The resource https://securepubads.g.doubleclick.net/tag/js/gpt.js was preloaded using link preload but not used within a few seconds from the window's load event. Please make sure it has an appropriate `as` value and it is preloaded intentionally.
[2026-06-28T17:26:52.648Z] [warning] The resource https://securepubads.g.doubleclick.net/tag/js/gpt.js was preloaded using link preload but not used within a few seconds from the window's load event. Please make sure it has an appropriate `as` value and it is preloaded intentionally.
[2026-06-28T17:35:57.046Z] [warning] The resource https://securepubads.g.doubleclick.net/tag/js/gpt.js was preloaded using link preload but not used within a few seconds from the window's load event. Please make sure it has an appropriate `as` value and it is preloaded intentionally.
